<?xml version="1.0" encoding="UTF-8"?>
<testng-results skipped="0" failed="0" ignored="0" total="2" passed="2">
  <reporter-output>
  </reporter-output>
  <suite name="Default suite" duration-ms="94" started-at="2018-02-23T13:26:58Z" finished-at="2018-02-23T13:26:58Z">
    <groups>
    </groups>
    <test name="Default test" duration-ms="94" started-at="2018-02-23T13:26:58Z" finished-at="2018-02-23T13:26:58Z">
      <class name="Test11.Test11">
        <test-method status="PASS" signature="fail()[pri:0, instance:Test11.Test11@3a82f6ef]" name="fail" duration-ms="31" started-at="2018-02-23T15:26:58Z" finished-at="2018-02-23T15:26:58Z">
          <reporter-output>
          </reporter-output>
        </test-method> <!-- fail -->
        <test-method status="PASS" signature="pass()[pri:0, instance:Test11.Test11@3a82f6ef]" name="pass" duration-ms="16" started-at="2018-02-23T15:26:58Z" finished-at="2018-02-23T15:26:58Z">
          <reporter-output>
          </reporter-output>
        </test-method> <!-- pass -->
      </class> <!-- Test11.Test11 -->
    </test> <!-- Default test -->
  </suite> <!-- Default suite -->
</testng-results>
